# JRE version: OpenJDK Runtime Environment (8.0_212-b04) (build 1.8.0_212-release-1586-b4)
# Java VM: OpenJDK 64-Bit Server VM (25.212-b4 mixed mode bsd-amd64 compressed oops)
Heap:
 PSYoungGen      total 141824K, used 15895K [0x000000076ab00000, 0x000000077c700000, 0x00000007c0000000)
  eden space 131072K, 12% used [0x000000076ab00000,0x000000076ba85d90,0x0000000772b00000)
  from space 10752K, 0% used [0x0000000772b00000,0x0000000772b00000,0x0000000773580000)
  to   space 14336K, 0% used [0x000000077b900000,0x000000077b900000,0x000000077c700000)
 ParOldGen       total 92160K, used 11670K [0x00000006c0000000, 0x00000006c5a00000, 0x000000076ab00000)
  object space 92160K, 12% used [0x00000006c0000000,0x00000006c0b65980,0x00000006c5a00000)
 Metaspace       used 22925K, capacity 23494K, committed 23808K, reserved 1071104K
  class space    used 2602K, capacity 2769K, committed 2816K, reserved 1048576K
GC Heap History (10 events):
Event: 1.652 GC heap before
{Heap before GC invocations=2 (full 0):
 PSYoungGen      total 76288K, used 73486K [0x000000076ab00000, 0x0000000770000000, 0x00000007c0000000)
  eden space 65536K, 100% used [0x000000076ab00000,0x000000076eb00000,0x000000076eb00000)
  from space 10752K, 73% used [0x000000076eb00000,0x000000076f2c3878,0x000000076f580000)
  to   space 10752K, 0% used [0x000000076f580000,0x000000076f580000,0x0000000770000000)
 ParOldGen       total 175104K, used 16K [0x00000006c0000000, 0x00000006cab00000, 0x000000076ab00000)
  object space 175104K, 0% used [0x00000006c0000000,0x00000006c0004000,0x00000006cab00000)
 Metaspace       used 15838K, capacity 16126K, committed 16384K, reserved 1062912K
  class space    used 1874K, capacity 1975K, committed 2048K, reserved 1048576K
Event: 1.668 GC heap after
Heap after GC invocations=2 (full 0):
 PSYoungGen      total 76288K, used 10192K [0x000000076ab00000, 0x0000000774000000, 0x00000007c0000000)
  eden space 65536K, 0% used [0x000000076ab00000,0x000000076ab00000,0x000000076eb00000)
  from space 10752K, 94% used [0x000000076f580000,0x000000076ff742f0,0x0000000770000000)
  to   space 10752K, 0% used [0x000000076eb00000,0x000000076eb00000,0x000000076f580000)
 ParOldGen       total 175104K, used 24K [0x00000006c0000000, 0x00000006cab00000, 0x000000076ab00000)
  object space 175104K, 0% used [0x00000006c0000000,0x00000006c0006000,0x00000006cab00000)
 Metaspace       used 15838K, capacity 16126K, committed 16384K, reserved 1062912K
  class space    used 1874K, capacity 1975K, committed 2048K, reserved 1048576K
}
Event: 2.430 GC heap before
{Heap before GC invocations=3 (full 0):
 PSYoungGen      total 76288K, used 75728K [0x000000076ab00000, 0x0000000774000000, 0x00000007c0000000)
  eden space 65536K, 100% used [0x000000076ab00000,0x000000076eb00000,0x000000076eb00000)
  from space 10752K, 94% used [0x000000076f580000,0x000000076ff742f0,0x0000000770000000)
  to   space 10752K, 0% used [0x000000076eb00000,0x000000076eb00000,0x000000076f580000)
 ParOldGen       total 175104K, used 24K [0x00000006c0000000, 0x00000006cab00000, 0x000000076ab00000)
  object space 175104K, 0% used [0x00000006c0000000,0x00000006c0006000,0x00000006cab00000)
 Metaspace       used 17025K, capacity 17384K, committed 17792K, reserved 1064960K
  class space    used 1966K, capacity 2050K, committed 2176K, reserved 1048576K
Event: 2.440 GC heap after
Heap after GC invocations=3 (full 0):
 PSYoungGen      total 76288K, used 9962K [0x000000076ab00000, 0x0000000774000000, 0x00000007c0000000)
  eden space 65536K, 0% used [0x000000076ab00000,0x000000076ab00000,0x000000076eb00000)
  from space 10752K, 92% used [0x000000076eb00000,0x000000076f4ba818,0x000000076f580000)
  to   space 10752K, 0% used [0x0000000773580000,0x0000000773580000,0x0000000774000000)
 ParOldGen       total 175104K, used 32K [0x00000006c0000000, 0x00000006cab00000, 0x000000076ab00000)
  object space 175104K, 0% used [0x00000006c0000000,0x00000006c0008000,0x00000006cab00000)
 Metaspace       used 17025K, capacity 17384K, committed 17792K, reserved 1064960K
  class space    used 1966K, capacity 2050K, committed 2176K, reserved 1048576K
}
Event: 3.275 GC heap before
{Heap before GC invocations=4 (full 0):
 PSYoungGen      total 76288K, used 75498K [0x000000076ab00000, 0x0000000774000000, 0x00000007c0000000)
  eden space 65536K, 100% used [0x000000076ab00000,0x000000076eb00000,0x000000076eb00000)
  from space 10752K, 92% used [0x000000076eb00000,0x000000076f4ba818,0x000000076f580000)
  to   space 10752K, 0% used [0x0000000773580000,0x0000000773580000,0x0000000774000000)
 ParOldGen       total 175104K, used 32K [0x00000006c0000000, 0x00000006cab00000, 0x000000076ab00000)
  object space 175104K, 0% used [0x00000006c0000000,0x00000006c0008000,0x00000006cab00000)
 Metaspace       used 20025K, capacity 20494K, committed 20608K, reserved 1067008K
  class space    used 2293K, capacity 2429K, committed 2432K, reserved 1048576K
Event: 3.290 GC heap after
Heap after GC invocations=4 (full 0):
 PSYoungGen      total 141824K, used 10737K [0x000000076ab00000, 0x0000000774000000, 0x00000007c0000000)
  eden space 131072K, 0% used [0x000000076ab00000,0x000000076ab00000,0x0000000772b00000)
  from space 10752K, 99% used [0x0000000773580000,0x0000000773ffc430,0x0000000774000000)
  to   space 10752K, 0% used [0x0000000772b00000,0x0000000772b00000,0x0000000773580000)
 ParOldGen       total 175104K, used 3609K [0x00000006c0000000, 0x00000006cab00000, 0x000000076ab00000)
  object space 175104K, 2% used [0x00000006c0000000,0x00000006c0386400,0x00000006cab00000)
 Metaspace       used 20025K, capacity 20494K, committed 20608K, reserved 1067008K
  class space    used 2293K, capacity 2429K, committed 2432K, reserved 1048576K
}
Event: 3.317 GC heap before
{Heap before GC invocations=5 (full 0):
 PSYoungGen      total 141824K, used 14630K [0x000000076ab00000, 0x0000000774000000, 0x00000007c0000000)
  eden space 131072K, 2% used [0x000000076ab00000,0x000000076aecd6b0,0x0000000772b00000)
  from space 10752K, 99% used [0x0000000773580000,0x0000000773ffc430,0x0000000774000000)
  to   space 10752K, 0% used [0x0000000772b00000,0x0000000772b00000,0x0000000773580000)
 ParOldGen       total 175104K, used 3609K [0x00000006c0000000, 0x00000006cab00000, 0x000000076ab00000)
  object space 175104K, 2% used [0x00000006c0000000,0x00000006c0386400,0x00000006cab00000)
 Metaspace       used 20554K, capacity 21070K, committed 21248K, reserved 1069056K
  class space    used 2349K, capacity 2493K, committed 2560K, reserved 1048576K
Event: 3.329 GC heap after
Heap after GC invocations=5 (full 0):
 PSYoungGen      total 141824K, used 10737K [0x000000076ab00000, 0x000000077c700000, 0x00000007c0000000)
  eden space 131072K, 0% used [0x000000076ab00000,0x000000076ab00000,0x0000000772b00000)
  from space 10752K, 99% used [0x0000000772b00000,0x000000077357c410,0x0000000773580000)
  to   space 14336K, 0% used [0x000000077b900000,0x000000077b900000,0x000000077c700000)
 ParOldGen       total 175104K, used 3674K [0x00000006c0000000, 0x00000006cab00000, 0x000000076ab00000)
  object space 175104K, 2% used [0x00000006c0000000,0x00000006c0396818,0x00000006cab00000)
 Metaspace       used 20554K, capacity 21070K, committed 21248K, reserved 1069056K
  class space    used 2349K, capacity 2493K, committed 2560K, reserved 1048576K
}
Event: 3.329 GC heap before
{Heap before GC invocations=6 (full 1):
 PSYoungGen      total 141824K, used 10737K [0x000000076ab00000, 0x000000077c700000, 0x00000007c0000000)
  eden space 131072K, 0% used [0x000000076ab00000,0x000000076ab00000,0x0000000772b00000)
  from space 10752K, 99% used [0x0000000772b00000,0x000000077357c410,0x0000000773580000)
  to   space 14336K, 0% used [0x000000077b900000,0x000000077b900000,0x000000077c700000)
 ParOldGen       total 175104K, used 3674K [0x00000006c0000000, 0x00000006cab00000, 0x000000076ab00000)
  object space 175104K, 2% used [0x00000006c0000000,0x00000006c0396818,0x00000006cab00000)
 Metaspace       used 20554K, capacity 21070K, committed 21248K, reserved 1069056K
  class space    used 2349K, capacity 2493K, committed 2560K, reserved 1048576K
Event: 3.381 GC heap after
Heap after GC invocations=6 (full 1):
 PSYoungGen      total 141824K, used 0K [0x000000076ab00000, 0x000000077c700000, 0x00000007c0000000)
  eden space 131072K, 0% used [0x000000076ab00000,0x000000076ab00000,0x0000000772b00000)
  from space 10752K, 0% used [0x0000000772b00000,0x0000000772b00000,0x0000000773580000)
  to   space 14336K, 0% used [0x000000077b900000,0x000000077b900000,0x000000077c700000)
 ParOldGen       total 92160K, used 11670K [0x00000006c0000000, 0x00000006c5a00000, 0x000000076ab00000)
  object space 92160K, 12% used [0x00000006c0000000,0x00000006c0b65980,0x00000006c5a00000)
 Metaspace       used 20554K, capacity 21070K, committed 21248K, reserved 1069056K
  class space    used 2349K, capacity 2493K, committed 2560K, reserved 1048576K
}

